# JRE version: OpenJDK Runtime Environment (16.0.2+7) (build 16.0.2+7-67)
# Java VM: OpenJDK 64-Bit Server VM (16.0.2+7-67, mixed mode, tiered, compressed oops, compressed class ptrs, g1 gc, windows-amd64)
GC Precious Log:
 CPUs: 2 total, 2 available
 Memory: 7862M
 Large Page Support: Disabled
 NUMA Support: Disabled
 Compressed Oops: Enabled (32-bit)
 Heap Region Size: 1M
 Heap Min Capacity: 8M
 Heap Initial Capacity: 124M
 Heap Max Capacity: 1966M
 Pre-touch: Disabled
 Parallel Workers: 2
 Concurrent Workers: 1
 Concurrent Refinement Workers: 2
 Periodic GC: Disabled
Heap:
 garbage-first heap   total 58368K, used 30732K [0x0000000085200000, 0x0000000100000000)
  region size 1024K, 2 young (2048K), 1 survivors (1024K)
 Metaspace       used 82405K, committed 82816K, reserved 1122304K
  class space    used 9781K, committed 9984K, reserved 1048576K
GC Heap History (20 events):
Event: 26.484 GC heap before
{Heap before GC invocations=23 (full 0):
 garbage-first heap   total 58368K, used 24785K [0x0000000085200000, 0x0000000100000000)
  region size 1024K, 6 young (6144K), 3 survivors (3072K)
 Metaspace       used 59150K, committed 59456K, reserved 1105920K
  class space    used 7331K, committed 7488K, reserved 1048576K
}
Event: 26.492 GC heap after
{Heap after GC invocations=24 (full 0):
 garbage-first heap   total 58368K, used 23022K [0x0000000085200000, 0x0000000100000000)
  region size 1024K, 2 young (2048K), 2 survivors (2048K)
 Metaspace       used 59150K, committed 59456K, reserved 1105920K
  class space    used 7331K, committed 7488K, reserved 1048576K
}
Event: 30.997 GC heap before
{Heap before GC invocations=25 (full 0):
 garbage-first heap   total 58368K, used 47598K [0x0000000085200000, 0x0000000100000000)
  region size 1024K, 26 young (26624K), 2 survivors (2048K)
 Metaspace       used 63123K, committed 63424K, reserved 1105920K
  class space    used 7862K, committed 8000K, reserved 1048576K
}
Event: 31.008 GC heap after
{Heap after GC invocations=26 (full 0):
 garbage-first heap   total 58368K, used 24308K [0x0000000085200000, 0x0000000100000000)
  region size 1024K, 3 young (3072K), 3 survivors (3072K)
 Metaspace       used 63123K, committed 63424K, reserved 1105920K
  class space    used 7862K, committed 8000K, reserved 1048576K
}
Event: 33.985 GC heap before
{Heap before GC invocations=26 (full 0):
 garbage-first heap   total 58368K, used 47860K [0x0000000085200000, 0x0000000100000000)
  region size 1024K, 26 young (26624K), 3 survivors (3072K)
 Metaspace       used 66307K, committed 66688K, reserved 1114112K
  class space    used 8239K, committed 8384K, reserved 1048576K
}
Event: 34.002 GC heap after
{Heap after GC invocations=27 (full 0):
 garbage-first heap   total 58368K, used 26699K [0x0000000085200000, 0x0000000100000000)
  region size 1024K, 4 young (4096K), 4 survivors (4096K)
 Metaspace       used 66307K, committed 66688K, reserved 1114112K
  class space    used 8239K, committed 8384K, reserved 1048576K
}
Event: 36.440 GC heap before
{Heap before GC invocations=27 (full 0):
 garbage-first heap   total 58368K, used 46155K [0x0000000085200000, 0x0000000100000000)
  region size 1024K, 23 young (23552K), 4 survivors (4096K)
 Metaspace       used 68807K, committed 69120K, reserved 1114112K
  class space    used 8576K, committed 8704K, reserved 1048576K
}
Event: 36.467 GC heap after
{Heap after GC invocations=28 (full 0):
 garbage-first heap   total 58368K, used 28816K [0x0000000085200000, 0x0000000100000000)
  region size 1024K, 3 young (3072K), 3 survivors (3072K)
 Metaspace       used 68807K, committed 69120K, reserved 1114112K
  class space    used 8576K, committed 8704K, reserved 1048576K
}
Event: 86.387 GC heap before
{Heap before GC invocations=28 (full 0):
 garbage-first heap   total 58368K, used 45200K [0x0000000085200000, 0x0000000100000000)
  region size 1024K, 20 young (20480K), 3 survivors (3072K)
 Metaspace       used 73109K, committed 73472K, reserved 1114112K
  class space    used 9057K, committed 9216K, reserved 1048576K
}
Event: 86.404 GC heap after
{Heap after GC invocations=29 (full 0):
 garbage-first heap   total 58368K, used 29911K [0x0000000085200000, 0x0000000100000000)
  region size 1024K, 2 young (2048K), 2 survivors (2048K)
 Metaspace       used 73109K, committed 73472K, reserved 1114112K
  class space    used 9057K, committed 9216K, reserved 1048576K
}
Event: 87.846 GC heap before
{Heap before GC invocations=30 (full 0):
 garbage-first heap   total 58368K, used 46295K [0x0000000085200000, 0x0000000100000000)
  region size 1024K, 19 young (19456K), 2 survivors (2048K)
 Metaspace       used 77439K, committed 77760K, reserved 1122304K
  class space    used 9395K, committed 9536K, reserved 1048576K
}
Event: 87.855 GC heap after
{Heap after GC invocations=31 (full 0):
 garbage-first heap   total 58368K, used 30483K [0x0000000085200000, 0x0000000100000000)
  region size 1024K, 2 young (2048K), 2 survivors (2048K)
 Metaspace       used 77439K, committed 77760K, reserved 1122304K
  class space    used 9395K, committed 9536K, reserved 1048576K
}
Event: 90.130 GC heap before
{Heap before GC invocations=31 (full 0):
 garbage-first heap   total 58368K, used 46867K [0x0000000085200000, 0x0000000100000000)
  region size 1024K, 19 young (19456K), 2 survivors (2048K)
 Metaspace       used 79897K, committed 80320K, reserved 1122304K
  class space    used 9596K, committed 9792K, reserved 1048576K
}
Event: 90.150 GC heap after
{Heap after GC invocations=32 (full 0):
 garbage-first heap   total 58368K, used 31161K [0x0000000085200000, 0x0000000100000000)
  region size 1024K, 2 young (2048K), 2 survivors (2048K)
 Metaspace       used 79897K, committed 80320K, reserved 1122304K
  class space    used 9596K, committed 9792K, reserved 1048576K
}
Event: 94.930 GC heap before
{Heap before GC invocations=33 (full 0):
 garbage-first heap   total 58368K, used 46521K [0x0000000085200000, 0x0000000100000000)
  region size 1024K, 18 young (18432K), 2 survivors (2048K)
 Metaspace       used 81354K, committed 81728K, reserved 1122304K
  class space    used 9702K, committed 9920K, reserved 1048576K
}
Event: 94.942 GC heap after
{Heap after GC invocations=34 (full 0):
 garbage-first heap   total 58368K, used 32142K [0x0000000085200000, 0x0000000100000000)
  region size 1024K, 3 young (3072K), 3 survivors (3072K)
 Metaspace       used 81354K, committed 81728K, reserved 1122304K
  class space    used 9702K, committed 9920K, reserved 1048576K
}
Event: 94.960 GC heap before
{Heap before GC invocations=34 (full 0):
 garbage-first heap   total 58368K, used 33166K [0x0000000085200000, 0x0000000100000000)
  region size 1024K, 4 young (4096K), 3 survivors (3072K)
 Metaspace       used 81355K, committed 81728K, reserved 1122304K
  class space    used 9702K, committed 9920K, reserved 1048576K
}
Event: 94.990 GC heap after
{Heap after GC invocations=35 (full 0):
 garbage-first heap   total 58368K, used 30140K [0x0000000085200000, 0x0000000100000000)
  region size 1024K, 1 young (1024K), 1 survivors (1024K)
 Metaspace       used 81355K, committed 81728K, reserved 1122304K
  class space    used 9702K, committed 9920K, reserved 1048576K
}
Event: 110.842 GC heap before
{Heap before GC invocations=35 (full 0):
 garbage-first heap   total 58368K, used 45500K [0x0000000085200000, 0x0000000100000000)
  region size 1024K, 17 young (17408K), 1 survivors (1024K)
 Metaspace       used 82405K, committed 82816K, reserved 1122304K
  class space    used 9781K, committed 9984K, reserved 1048576K
}
Event: 110.850 GC heap after
{Heap after GC invocations=36 (full 0):
 garbage-first heap   total 58368K, used 30732K [0x0000000085200000, 0x0000000100000000)
  region size 1024K, 1 young (1024K), 1 survivors (1024K)
 Metaspace       used 82405K, committed 82816K, reserved 1122304K
  class space    used 9781K, committed 9984K, reserved 1048576K
}

